E:\FLOWWALKER\PIN\SOURCE\TOOLS\RECORDER\RELEASE\RECORDER.OBJ
E:\FLOWWALKER\RELEASE\RECORDER.DLL
E:\FlowWalker\Release\Recorder.exp
E:\FlowWalker\Release\Recorder.lib
E:\FLOWWALKER\RELEASE\RECORDER.PDB
I:\FLOWWALKER\PIN\SOURCE\TOOLS\RECORDER\RELEASE\RECORDER.OBJ
I:\FLOWWALKER\RELEASE\RECORDER.DLL
I:\FlowWalker\Release\Recorder.exp
I:\FlowWalker\Release\Recorder.lib
I:\FLOWWALKER\RELEASE\RECORDER.PDB
I:\新建文件夹 (2)\pin\source\tools\Recorder\Release\cl.command.1.tlog
I:\新建文件夹 (2)\pin\source\tools\Recorder\Release\CL.read.1.tlog
I:\新建文件夹 (2)\pin\source\tools\Recorder\Release\CL.write.1.tlog
I:\新建文件夹 (2)\pin\source\tools\Recorder\Release\link.command.1.tlog
I:\新建文件夹 (2)\pin\source\tools\Recorder\Release\link.read.1.tlog
I:\新建文件夹 (2)\pin\source\tools\Recorder\Release\link.write.1.tlog
I:\新建文件夹 (2)\PIN\SOURCE\TOOLS\RECORDER\RELEASE\RECORDER.OBJ
I:\新建文件夹 (2)\pin\source\tools\Recorder\Release\Recorder.vcxprojResolveAssemblyReference.cache
I:\新建文件夹 (2)\pin\source\tools\Recorder\Release\Recorder.write.1.tlog
I:\新建文件夹 (2)\RELEASE\RECORDER.DLL
I:\新建文件夹 (2)\Release\Recorder.exp
I:\新建文件夹 (2)\Release\Recorder.lib
I:\新建文件夹 (2)\RELEASE\RECORDER.PDB
Z:\FLOWWALKER\PIN\SOURCE\TOOLS\RECORDER\RELEASE\RECORDER.OBJ
Z:\FLOWWALKER\RELEASE\RECORDER.DLL
Z:\FlowWalker\Release\Recorder.exp
Z:\FlowWalker\Release\Recorder.lib
Z:\FLOWWALKER\RELEASE\RECORDER.PDB
